nohup: ignoring input
************************************************************
*                                                          *
*                      W E L C O M E to                    *
*             M A D G R A P H 5 _ a M C @ N L O            *
*                      M A D E V E N T                     *
*                                                          *
*                 *                       *                *
*                   *        * *        *                  *
*                     * * * * 5 * * * *                    *
*                   *        * *        *                  *
*                 *                       *                *
*                                                          *
*         VERSION 3.5.4                                    *
*                                                          *
*    The MadGraph5_aMC@NLO Development Team - Find us at   *
*    https://server06.fynu.ucl.ac.be/projects/madgraph     *
*                                                          *
*               Type 'help' for in-line help.              *
*                                                          *
************************************************************
INFO: load configuration from /work/pi_mjrm_umass_edu/LNV_collider/Generated/W3j/Cards/me5_configuration.txt  
INFO: load configuration from /home/dkennedy_umass_edu/LNV/MG5_aMC_v3_5_4/input/mg5_configuration.txt  
INFO: load configuration from /work/pi_mjrm_umass_edu/LNV_collider/Generated/W3j/Cards/me5_configuration.txt  
Using default text editor "vi". Set another one in ./input/mg5_configuration.txt
Using default eps viewer "evince". Set another one in ./input/mg5_configuration.txt
No valid web browser found. Please set in ./input/mg5_configuration.txt
import command ./MyFiles/LFVLNV/GenerationFiles/W3j_run.dat
generate_events
stty: 'standard input': Inappropriate ioctl for device
The following switches determine which programs are run:
/===========================================================================\
| 1. Choose the shower/hadronization program   [1m  shower[0m = [32mPythia8[0m           |
| 2. Choose the detector simulation program    [1mdetector[0m = [32mDelphes[0m           |
| 3. Choose an analysis package (plot/convert) [1manalysis[0m = [32mExRoot[0m            |
| 4. Decay onshell particles                   [1m madspin[0m = [31mOFF[0m               |
| 5. Add weights to events for new hypp.       [1mreweight[0m = [01mNot Avail.[0m        |
\===========================================================================/
Either type the switch number (1 to 5) to change its setting,
Set any switch explicitly (e.g. type 'shower=OFF' at the prompt)
Type 'help' for the list of all valid option
Type '0', 'auto', 'done' or just press enter when you are done.
The following switches determine which programs are run:
/===========================================================================\
| 1. Choose the shower/hadronization program   [1m  shower[0m = [32mPythia8[0m           |
| 2. Choose the detector simulation program    [1mdetector[0m = [32mDelphes[0m           |
| 3. Choose an analysis package (plot/convert) [1manalysis[0m = [32mExRoot[0m            |
| 4. Decay onshell particles                   [1m madspin[0m = [31mOFF[0m               |
| 5. Add weights to events for new hypp.       [1mreweight[0m = [01mNot Avail.[0m        |
\===========================================================================/
Either type the switch number (1 to 5) to change its setting,
Set any switch explicitly (e.g. type 'shower=OFF' at the prompt)
Type 'help' for the list of all valid option
Type '0', 'auto', 'done' or just press enter when you are done.
set use_syst False
[1mINFO: modify parameter use_syst of the run_card.dat to False [0m
set automatic_html_opening False
[1;34mWARNING: invalid set command automatic_html_opening False  [0m
INFO: Did you mean one of the following run_card options:
auto_ptj_mjj 
set nevents 60000
[1mINFO: modify parameter nevents of the run_card.dat to 60000 [0m
set ebeam1 7000
[1mINFO: modify parameter ebeam1 of the run_card.dat to 7000.0 [0m
set ebeam2 7000
[1mINFO: modify parameter ebeam2 of the run_card.dat to 7000.0 [0m
set cut_decays True
[1mINFO: modify parameter cut_decays of the run_card.dat to True [0m
set ickkw 1
[1mINFO: modify parameter ickkw of the run_card.dat to 1 [0m
set xqcut 20
[1mINFO: modify parameter xqcut of the run_card.dat to 20.0 [0m
set JetMatching:nJetMax 3
[1mINFO: modify parameter jetmatching:njetmax of the pythia8_card.dat to 3 [0m
set ptj 20
[1mINFO: modify parameter ptj of the run_card.dat to 20.0 [0m
set ptb 20
[1mINFO: modify parameter ptb of the run_card.dat to 20.0 [0m
set ptl 20
[1mINFO: modify parameter ptl of the run_card.dat to 20.0 [0m
set etaj 2.8
[1mINFO: modify parameter etaj of the run_card.dat to 2.8 [0m
set etal 2.5
[1mINFO: modify parameter etal of the run_card.dat to 2.5 [0m
INFO: copy /home/dkennedy_umass_edu/LNV/MG5_aMC_v3_5_4/Delphes/cards/card_JF.tcl as delphes_card.dat 
Do you want to edit a card (press enter to bypass editing)?
/------------------------------------------------------------\
|  [31m1[0m. param   : [32mparam_card.dat[0m                               |
|  [31m2[0m. run     : [32mrun_card.dat[0m                                 |
|  [31m3[0m. pythia8 : [32mpythia8_card.dat[0m                             |
|  [31m4[0m. delphes : [32mdelphes_card.dat[0m                             |
\------------------------------------------------------------/
 you can also
   - enter the path to a valid card or banner.
   - use the 'set' command to modify a parameter directly.
     The set option works only for param_card and run_card.
     Type 'help set' for more information on this command.
   - call an external program (ASperGE/MadWidth/...).
     Type 'help' for the list of available command
 [[4m0[0m, done, 1, param, 2, run, 3, pythia8, 4, enter path, ... ]
Do you want to edit a card (press enter to bypass editing)?
/------------------------------------------------------------\
|  [31m1[0m. param   : [32mparam_card.dat[0m                               |
|  [31m2[0m. run     : [32mrun_card.dat[0m                                 |
|  [31m3[0m. pythia8 : [32mpythia8_card.dat[0m                             |
|  [31m4[0m. delphes : [32mdelphes_card.dat[0m                             |
\------------------------------------------------------------/
 you can also
   - enter the path to a valid card or banner.
   - use the 'set' command to modify a parameter directly.
     The set option works only for param_card and run_card.
     Type 'help set' for more information on this command.
   - call an external program (ASperGE/MadWidth/...).
     Type 'help' for the list of available command
 [[4m0[0m, done, 1, param, 2, run, 3, pythia8, 4, enter path, ... ]
[1;34mfound line : print_results[0m
[1;34mThis answer is not valid for current question. Keep it for next question and use here default: EOF[0m
INFO: Update the dependent parameter of the param_card.dat 
Generating 60000 events with run name run_05
survey  run_05 
INFO: compile directory 
[1;34mNot able to open file /work/pi_mjrm_umass_edu/LNV_collider/Generated/W3j/crossx.html since no program configured.Please set one in ./input/mg5_configuration.txt[0m
compile Source Directory
Using random number seed offset = 57
INFO: Running Survey 
Creating Jobs
Working on SubProcesses
INFO: Compiling for process 1/18. 
INFO:     P3_gg_wmgqq_wm_lvl  
INFO: Compiling for process 2/18. 
INFO:     P3_gq_wmqqq_wm_lvl  
INFO: Compiling for process 3/18. 
INFO:     P3_gq_wmggq_wm_lvl  
INFO: Compiling for process 4/18. 
INFO:     P3_qq_wmgqq_wm_lvl  
INFO: Compiling for process 5/18. 
INFO:     P3_qq_wmggg_wm_lvl  
INFO: Compiling for process 6/18. 
INFO:     P4_gg_wpgqq_wp_lvl  
INFO: Compiling for process 7/18. 
INFO:     P4_gq_wpggq_wp_lvl  
INFO: Compiling for process 8/18. 
INFO:     P4_gq_wpqqq_wp_lvl  
INFO: Compiling for process 9/18. 
INFO:     P4_qq_wpgqq_wp_lvl  
INFO: Compiling for process 10/18. 
INFO:     P4_qq_wpggg_wp_lvl  
INFO: Compiling for process 11/18. 
INFO:     P1_gg_wmqq_wm_lvl  
INFO: Compiling for process 12/18. 
INFO:     P1_gq_wmgq_wm_lvl  
INFO: Compiling for process 13/18. 
INFO:     P1_qq_wmqq_wm_lvl  
INFO: Compiling for process 14/18. 
INFO:     P1_qq_wmgg_wm_lvl  
INFO: Compiling for process 15/18. 
INFO:     P2_gg_wpqq_wp_lvl  
INFO: Compiling for process 16/18. 
INFO:     P2_gq_wpgq_wp_lvl  
INFO: Compiling for process 17/18. 
INFO:     P2_qq_wpqq_wp_lvl  
INFO: Compiling for process 18/18. 
INFO:     P2_qq_wpgg_wp_lvl  
INFO:     P3_gg_wmgqq_wm_lvl  
INFO:     P3_gq_wmqqq_wm_lvl  
INFO:     P3_gq_wmggq_wm_lvl  
INFO:     P3_qq_wmgqq_wm_lvl  
INFO:     P3_qq_wmggg_wm_lvl  
INFO:     P4_gg_wpgqq_wp_lvl  
INFO:     P4_gq_wpggq_wp_lvl  
INFO:     P4_gq_wpqqq_wp_lvl  
INFO:     P4_qq_wpgqq_wp_lvl  
INFO:     P4_qq_wpggg_wp_lvl  
INFO:     P1_gg_wmqq_wm_lvl  
INFO:     P1_gq_wmgq_wm_lvl  
INFO:     P1_qq_wmqq_wm_lvl  
INFO:     P1_qq_wmgg_wm_lvl  
INFO:     P2_gg_wpqq_wp_lvl  
INFO:     P2_gq_wpgq_wp_lvl  
INFO:     P2_qq_wpqq_wp_lvl  
INFO:     P2_qq_wpgg_wp_lvl  
INFO:  Idle: 65,  Running: 16,  Completed: 73 [ current time: 22h54 ] 
INFO:  Idle: 64,  Running: 16,  Completed: 74 [  1.1s  ] 
INFO:  Idle: 59,  Running: 16,  Completed: 79 [  5.5s  ] 
INFO:  Idle: 57,  Running: 16,  Completed: 81 [  12.6s  ] 
INFO:  Idle: 54,  Running: 16,  Completed: 84 [  17.5s  ] 
INFO:  Idle: 53,  Running: 16,  Completed: 85 [  24.7s  ] 
INFO:  Idle: 51,  Running: 16,  Completed: 87 [  29.2s  ] 
INFO:  Idle: 50,  Running: 16,  Completed: 88 [  34.8s  ] 
INFO:  Idle: 48,  Running: 16,  Completed: 90 [  41.2s  ] 
INFO:  Idle: 46,  Running: 16,  Completed: 92 [  47.9s  ] 
INFO:  Idle: 45,  Running: 16,  Completed: 93 [  52.7s  ] 
INFO:  Idle: 43,  Running: 16,  Completed: 95 [  58.6s  ] 
INFO:  Idle: 42,  Running: 16,  Completed: 96 [  1m 2s  ] 
INFO:  Idle: 39,  Running: 16,  Completed: 99 [  1m 5s  ] 
INFO:  Idle: 37,  Running: 16,  Completed: 101 [  1m 11s  ] 
INFO:  Idle: 36,  Running: 16,  Completed: 102 [  1m 14s  ] 
INFO:  Idle: 35,  Running: 16,  Completed: 103 [  1m 19s  ] 
INFO:  Idle: 33,  Running: 16,  Completed: 105 [  1m 26s  ] 
INFO:  Idle: 32,  Running: 16,  Completed: 106 [  1m 33s  ] 
INFO:  Idle: 31,  Running: 16,  Completed: 107 [  1m 40s  ] 
INFO:  Idle: 28,  Running: 16,  Completed: 110 [  1m 45s  ] 
INFO:  Idle: 27,  Running: 16,  Completed: 111 [  1m 52s  ] 
INFO:  Idle: 26,  Running: 16,  Completed: 112 [  2m 2s  ] 
INFO:  Idle: 24,  Running: 16,  Completed: 114 [  2m 9s  ] 
INFO:  Idle: 22,  Running: 16,  Completed: 116 [  2m 13s  ] 
INFO:  Idle: 21,  Running: 16,  Completed: 117 [  2m 19s  ] 
INFO:  Idle: 17,  Running: 16,  Completed: 121 [  2m 35s  ] 
INFO:  Idle: 15,  Running: 16,  Completed: 123 [  2m 45s  ] 
INFO:  Idle: 9,  Running: 16,  Completed: 129 [  2m 50s  ] 
INFO:  Idle: 5,  Running: 16,  Completed: 133 [  2m 55s  ] 
INFO:  Idle: 4,  Running: 16,  Completed: 134 [  3m 0s  ] 
INFO:  Idle: 2,  Running: 16,  Completed: 136 [  3m 5s  ] 
INFO:  Idle: 0,  Running: 16,  Completed: 138 [  3m 15s  ] 
INFO:  Idle: 0,  Running: 14,  Completed: 140 [  3m 21s  ] 
INFO:  Idle: 0,  Running: 10,  Completed: 144 [  3m 25s  ] 
INFO:  Idle: 0,  Running: 8,  Completed: 146 [  3m 29s  ] 
INFO:  Idle: 0,  Running: 5,  Completed: 149 [  3m 41s  ] 
INFO:  Idle: 0,  Running: 3,  Completed: 151 [  3m 47s  ] 
INFO:  Idle: 0,  Running: 1,  Completed: 153 [  3m 51s  ] 
INFO:  Idle: 0,  Running: 0,  Completed: 154 [  3m 52s  ] 
INFO: End survey 
refine 60000
Creating Jobs
INFO: Refine results to 60000 
INFO: Generating 60000.0 unweighted events. 
sum of cpu time of last step: 6m51s
INFO: Effective Luminosity 23.298150819618087 pb^-1 
INFO: need to improve 98 channels 
- Current estimate of cross-section: 3090.3740197 +- 20.69505727097766
    P3_gg_wmgqq_wm_lvl 
    P3_gq_wmqqq_wm_lvl 
    P3_gq_wmggq_wm_lvl 
    P3_qq_wmgqq_wm_lvl 
    P3_qq_wmggg_wm_lvl 
    P4_gg_wpgqq_wp_lvl 
    P4_gq_wpggq_wp_lvl 
    P4_gq_wpqqq_wp_lvl 
    P4_qq_wpgqq_wp_lvl 
    P4_qq_wpggg_wp_lvl 
    P1_gg_wmqq_wm_lvl 
    P1_gq_wmgq_wm_lvl 
    P1_qq_wmqq_wm_lvl 
    P1_qq_wmgg_wm_lvl 
    P2_gg_wpqq_wp_lvl 
    P2_gq_wpgq_wp_lvl 
    P2_qq_wpqq_wp_lvl 
    P2_qq_wpgg_wp_lvl 
INFO:  Idle: 112,  Running: 16,  Completed: 5 [ current time: 23h00 ] 
INFO:  Idle: 111,  Running: 16,  Completed: 6 [  13.1s  ] 
INFO:  Idle: 110,  Running: 16,  Completed: 7 [  20.5s  ] 
INFO:  Idle: 109,  Running: 16,  Completed: 8 [  33.9s  ] 
INFO:  Idle: 108,  Running: 16,  Completed: 9 [  59.8s  ] 
INFO:  Idle: 107,  Running: 16,  Completed: 10 [  1m 18s  ] 
INFO:  Idle: 106,  Running: 16,  Completed: 11 [  1m 23s  ] 
INFO:  Idle: 105,  Running: 16,  Completed: 12 [  1m 33s  ] 
INFO:  Idle: 104,  Running: 16,  Completed: 13 [  2m 11s  ] 
INFO:  Idle: 102,  Running: 16,  Completed: 15 [  2m 38s  ] 
INFO:  Idle: 101,  Running: 16,  Completed: 16 [  2m 48s  ] 
INFO:  Idle: 100,  Running: 16,  Completed: 17 [  2m 52s  ] 
INFO:  Idle: 99,  Running: 16,  Completed: 18 [  2m 57s  ] 
INFO:  Idle: 98,  Running: 16,  Completed: 19 [  3m 8s  ] 
INFO:  Idle: 97,  Running: 16,  Completed: 20 [  3m 34s  ] 
INFO:  Idle: 96,  Running: 16,  Completed: 21 [  3m 53s  ] 
INFO:  Idle: 95,  Running: 16,  Completed: 22 [  4m 30s  ] 
INFO:  Idle: 93,  Running: 16,  Completed: 24 [  4m 56s  ] 
INFO:  Idle: 92,  Running: 16,  Completed: 25 [  5m 12s  ] 
INFO:  Idle: 91,  Running: 16,  Completed: 26 [  6m 45s  ] 
INFO:  Idle: 90,  Running: 16,  Completed: 27 [  7m 20s  ] 
INFO:  Idle: 89,  Running: 16,  Completed: 28 [  7m 34s  ] 
INFO:  Idle: 88,  Running: 16,  Completed: 29 [  8m 8s  ] 
INFO:  Idle: 87,  Running: 16,  Completed: 30 [  8m 56s  ] 
INFO:  Idle: 86,  Running: 16,  Completed: 31 [  9m 40s  ] 
INFO:  Idle: 85,  Running: 16,  Completed: 32 [  10m 8s  ] 
INFO:  Idle: 84,  Running: 16,  Completed: 33 [  10m 15s  ] 
INFO:  Idle: 83,  Running: 16,  Completed: 34 [  10m 24s  ] 
INFO:  Idle: 82,  Running: 16,  Completed: 35 [  10m 41s  ] 
INFO:  Idle: 81,  Running: 16,  Completed: 36 [  10m 59s  ] 
INFO:  Idle: 80,  Running: 16,  Completed: 37 [  11m 12s  ] 
INFO:  Idle: 79,  Running: 16,  Completed: 38 [  11m 20s  ] 
INFO:  Idle: 78,  Running: 16,  Completed: 39 [  11m 59s  ] 
INFO:  Idle: 77,  Running: 16,  Completed: 40 [  12m 5s  ] 
INFO:  Idle: 76,  Running: 16,  Completed: 41 [  12m 9s  ] 
INFO:  Idle: 75,  Running: 16,  Completed: 42 [  12m 37s  ] 
INFO:  Idle: 74,  Running: 16,  Completed: 43 [  13m 29s  ] 
INFO:  Idle: 73,  Running: 16,  Completed: 44 [  13m 44s  ] 
INFO:  Idle: 72,  Running: 16,  Completed: 45 [  14m 14s  ] 
INFO:  Idle: 71,  Running: 16,  Completed: 46 [  14m 18s  ] 
INFO:  Idle: 70,  Running: 16,  Completed: 47 [  14m 22s  ] 
INFO:  Idle: 69,  Running: 16,  Completed: 48 [  14m 59s  ] 
INFO:  Idle: 68,  Running: 16,  Completed: 49 [  15m 52s  ] 
INFO:  Idle: 67,  Running: 16,  Completed: 50 [  16m 2s  ] 
INFO:  Idle: 66,  Running: 16,  Completed: 51 [  16m 36s  ] 
INFO:  Idle: 65,  Running: 16,  Completed: 52 [  17m 8s  ] 
INFO:  Idle: 63,  Running: 16,  Completed: 54 [  17m 22s  ] 
INFO:  Idle: 62,  Running: 16,  Completed: 55 [  18m 5s  ] 
INFO:  Idle: 61,  Running: 16,  Completed: 56 [  18m 27s  ] 
INFO:  Idle: 60,  Running: 16,  Completed: 57 [  19m 0s  ] 
INFO:  Idle: 59,  Running: 16,  Completed: 58 [  19m 5s  ] 
INFO:  Idle: 58,  Running: 16,  Completed: 59 [  19m 8s  ] 
INFO:  Idle: 57,  Running: 16,  Completed: 60 [  19m 24s  ] 
INFO:  Idle: 56,  Running: 16,  Completed: 61 [  19m 41s  ] 
INFO:  Idle: 55,  Running: 16,  Completed: 62 [  19m 44s  ] 
INFO:  Idle: 54,  Running: 16,  Completed: 63 [  19m 50s  ] 
INFO:  Idle: 53,  Running: 16,  Completed: 64 [  20m 9s  ] 
INFO:  Idle: 52,  Running: 16,  Completed: 65 [  20m 22s  ] 
INFO:  Idle: 51,  Running: 16,  Completed: 66 [  20m 42s  ] 
INFO:  Idle: 50,  Running: 16,  Completed: 67 [  21m 31s  ] 
INFO:  Idle: 49,  Running: 16,  Completed: 68 [  21m 53s  ] 
INFO:  Idle: 48,  Running: 16,  Completed: 69 [  23m 19s  ] 
INFO:  Idle: 47,  Running: 16,  Completed: 70 [  23m 38s  ] 
INFO:  Idle: 46,  Running: 16,  Completed: 71 [  23m 51s  ] 
INFO:  Idle: 45,  Running: 16,  Completed: 72 [  24m 7s  ] 
INFO:  Idle: 44,  Running: 16,  Completed: 73 [  24m 49s  ] 
INFO:  Idle: 43,  Running: 16,  Completed: 74 [  24m 53s  ] 
INFO:  Idle: 42,  Running: 16,  Completed: 75 [  25m 33s  ] 
INFO:  Idle: 41,  Running: 16,  Completed: 76 [  25m 48s  ] 
INFO:  Idle: 40,  Running: 16,  Completed: 77 [  26m 6s  ] 
INFO:  Idle: 39,  Running: 16,  Completed: 78 [  26m 13s  ] 
INFO:  Idle: 37,  Running: 16,  Completed: 80 [  26m 17s  ] 
INFO:  Idle: 36,  Running: 16,  Completed: 81 [  26m 48s  ] 
INFO:  Idle: 34,  Running: 16,  Completed: 83 [  27m 4s  ] 
INFO:  Idle: 33,  Running: 16,  Completed: 84 [  27m 27s  ] 
INFO:  Idle: 31,  Running: 16,  Completed: 86 [  27m 38s  ] 
INFO:  Idle: 30,  Running: 16,  Completed: 87 [  27m 43s  ] 
INFO:  Idle: 29,  Running: 16,  Completed: 88 [  27m 54s  ] 
INFO:  Idle: 27,  Running: 16,  Completed: 90 [  28m 5s  ] 
INFO:  Idle: 26,  Running: 16,  Completed: 91 [  29m 2s  ] 
INFO:  Idle: 24,  Running: 16,  Completed: 93 [  29m 17s  ] 
INFO:  Idle: 23,  Running: 16,  Completed: 94 [  29m 36s  ] 
INFO:  Idle: 22,  Running: 16,  Completed: 95 [  30m 0s  ] 
INFO:  Idle: 20,  Running: 16,  Completed: 97 [  30m 31s  ] 
INFO:  Idle: 19,  Running: 16,  Completed: 98 [  30m 42s  ] 
INFO:  Idle: 16,  Running: 16,  Completed: 101 [  31m 3s  ] 
INFO:  Idle: 15,  Running: 16,  Completed: 102 [  32m 22s  ] 
INFO:  Idle: 14,  Running: 16,  Completed: 103 [  33m 15s  ] 
INFO:  Idle: 13,  Running: 16,  Completed: 104 [  33m 22s  ] 
INFO:  Idle: 12,  Running: 16,  Completed: 105 [  34m 2s  ] 
INFO:  Idle: 11,  Running: 16,  Completed: 106 [  34m 13s  ] 
INFO:  Idle: 10,  Running: 16,  Completed: 107 [  34m 21s  ] 
INFO:  Idle: 9,  Running: 16,  Completed: 108 [  34m 34s  ] 
INFO:  Idle: 8,  Running: 16,  Completed: 109 [  34m 37s  ] 
INFO:  Idle: 6,  Running: 16,  Completed: 111 [  34m 44s  ] 
INFO:  Idle: 5,  Running: 16,  Completed: 112 [  35m 0s  ] 
INFO:  Idle: 3,  Running: 16,  Completed: 114 [  35m 14s  ] 
INFO:  Idle: 2,  Running: 16,  Completed: 115 [  35m 32s  ] 
INFO:  Idle: 0,  Running: 16,  Completed: 117 [  35m 45s  ] 
INFO:  Idle: 0,  Running: 15,  Completed: 118 [  35m 59s  ] 
INFO:  Idle: 0,  Running: 14,  Completed: 119 [  36m 3s  ] 
INFO:  Idle: 0,  Running: 13,  Completed: 120 [  36m 7s  ] 
INFO:  Idle: 0,  Running: 12,  Completed: 121 [  36m 18s  ] 
INFO:  Idle: 0,  Running: 11,  Completed: 122 [  36m 49s  ] 
INFO:  Idle: 0,  Running: 10,  Completed: 123 [  37m 4s  ] 
INFO:  Idle: 0,  Running: 9,  Completed: 124 [  37m 10s  ] 
INFO:  Idle: 0,  Running: 8,  Completed: 125 [  37m 26s  ] 
INFO:  Idle: 0,  Running: 7,  Completed: 126 [  37m 32s  ] 
INFO:  Idle: 0,  Running: 5,  Completed: 128 [  38m 0s  ] 
INFO:  Idle: 0,  Running: 4,  Completed: 129 [  38m 42s  ] 
INFO:  Idle: 0,  Running: 3,  Completed: 130 [  43m 46s  ] 
INFO:  Idle: 0,  Running: 2,  Completed: 131 [  47m 59s  ] 
